INFO:root:Пользователь ввёл данное значение координаты x1: 2
INFO:root:Пользователь ввёл данное значение координаты x1: 2
INFO:root:Пользователь ввёл данное значение координаты y1: 3
INFO:root:Пользователь ввёл данное значение координаты x2: 3
INFO:root:Пользователь ввёл данное значение координаты y2: 5
INFO:root:Пользователь ввёл клетки разного цвета
INFO:root:Пользователь выбрал данную фигуру: Конь
INFO:root:Ход пользователя возможен 
INFO:root:Пользователь ввёл данное значение координаты x1: 2
INFO:root:Пользователь ввёл данное значение координаты y1: 2
INFO:root:Пользователь ввёл данное значение координаты x2: 6
INFO:root:Пользователь ввёл данное значение координаты y2: 6
INFO:root:Пользователь ввёл клетки одного цвета
INFO:root:Пользователь выбрал данную фигуру: ферзь
INFO:root:Ход пользователя возможен 
INFO:root:Пользователь ввёл данное значение координаты x1: 9
INFO:root:Пользователь ввёл неправильную координату
INFO:root:Пользователь ввёл не цифру
INFO:root:Пользователь ввёл данное значение координаты x1: 4
INFO:root:Пользователь ввёл данное значение координаты y1: 1
INFO:root:Пользователь ввёл данное значение координаты x2: 5
INFO:root:Пользователь ввёл данное значение координаты y2: 7
INFO:root:Пользователь ввёл клетки разного цвета
INFO:root:Пользователь выбрал данную фигуру: Ладь
INFO:root:Пользователь неправильно выбрал фигуру 
INFO:root:Пользователь выбрал данную фигуру: Ладья
INFO:root:Ход пользователя невозможен, но реализуем за два хода 
